<?xml version="1.0" encoding="UTF-8"?>
<Site BuildName="(empty)"
	BuildStamp="20260307-0225-Experimental"
	Name="(empty)"
	Generator="ctest-3.28.3"
	CompilerName=""
	CompilerVersion=""
	OSName="Linux"
	Hostname="xdjtomato"
	OSRelease="6.14.0-37-generic"
	OSVersion="#37~24.04.1-Ubuntu SMP PREEMPT_DYNAMIC Thu Nov 20 10:25:38 UTC 2"
	OSPlatform="x86_64"
	Is64Bits="1"
	VendorString="GenuineIntel"
	VendorID="Intel Corporation"
	FamilyID="6"
	ModelID="154"
	ProcessorCacheSize="24576"
	NumberOfLogicalCPU="20"
	NumberOfPhysicalCPU="14"
	TotalVirtualMemory="7026"
	TotalPhysicalMemory="15680"
	LogicalProcessorsPerPhysical="1"
	ProcessorClockFrequency="800.008"
	>
	<Testing>
		<StartDateTime>Mar 07 10:25 CST</StartDateTime>
		<StartTestTime>1772850346</StartTestTime>
		<TestList/>
		<EndDateTime>Mar 07 10:25 CST</EndDateTime>
		<EndTestTime>1772850346</EndTestTime>
		<ElapsedMinutes>0</ElapsedMinutes>
	</Testing>
</Site>
